[2026-06-03 02:43:02] Renovando token se necessario...
[2026-06-03 02:43:02] Verificando posts aprovados...
[2026-06-03 02:43:02] Publicando: 01_2026-06-03_mobiliario-5-erros
[2026-06-03 02:43:13] Sucesso: 01_2026-06-03_mobiliario-5-erros
[2026-06-04 02:37:45] Renovando token se necessario...
[2026-06-04 02:37:45] Verificando posts aprovados...
[2026-06-04 02:37:45] Publicando: 02_2026-06-05_logistica-interior-am
[2026-06-04 02:38:26] Sucesso: 02_2026-06-05_logistica-interior-am
[2026-06-04 03:14:43] Renovando token se necessario...
[2026-06-04 03:14:43] Verificando posts aprovados...
[2026-06-04 03:14:43] Publicando: 20260604_0253_fnde-repassa-r-48-bilhoes-do-fundeb-para-estados-e-municipio
[2026-06-04 03:15:14] Sucesso: 20260604_0253_fnde-repassa-r-48-bilhoes-do-fundeb-para-estados-e-municipio
[2026-06-04 06:56:48] Renovando token se necessario...
[2026-06-04 06:56:48] Verificando posts aprovados...
[2026-06-04 06:56:48] Publicando: 20260604_0314_mec-repassa-r-48-bilhoes-do-fundeb-para-estados-e-municipios
[2026-06-04 06:57:09] Sucesso: 20260604_0314_mec-repassa-r-48-bilhoes-do-fundeb-para-estados-e-municipios
[2026-06-04 10:45:46] Renovando token se necessario...
[2026-06-04 10:45:46] Verificando posts aprovados...
[2026-06-04 10:45:46] Publicando: 20260604_0656_mec-repassa-r-48-bilhoes-do-fundeb-para-estados-e-municipios
[2026-06-04 10:46:12] Sucesso: 20260604_0656_mec-repassa-r-48-bilhoes-do-fundeb-para-estados-e-municipios
[2026-06-04 14:11:51] Renovando token se necessario...
[2026-06-04 14:11:51] Verificando posts aprovados...
[2026-06-04 14:11:51] Publicando: 20260604_1045_produtores-conhecem-primeiro-edital-do-programa-de-compras-d
[2026-06-04 14:12:19] Sucesso: 20260604_1045_produtores-conhecem-primeiro-edital-do-programa-de-compras-d
